<?xml version="1.0" encoding="UTF-8"?>
<!-- Generated by org.testng.reporters.JUnitReportReporter -->
<testsuite hostname="DESKTOP-FD3GMV2" failures="0" tests="1" name="sprint1_test.day2" time="1.104" errors="0" timestamp="2020-12-25T14:13:37 EST" skipped="0">
  <testcase classname="sprint1_test.day2" name="OpenSignInPage" time="1.104"/>
  <system-out/>
</testsuite> <!-- sprint1_test.day2 -->
